Analysis & Synthesis report for ULA
Tue Nov 11 11:18:38 2025
Quartus II 64-Bit Version 13.1.0 Build 162 10/23/2013 SJ Web Edition


---------------------
; Table of Contents ;
---------------------
  1. Legal Notice
  2. Analysis & Synthesis Summary
  3. Analysis & Synthesis Settings
  4. Parallel Compilation
  5. Analysis & Synthesis Source Files Read
  6. Analysis & Synthesis Resource Usage Summary
  7. Analysis & Synthesis Resource Utilization by Entity
  8. General Register Statistics
  9. Multiplexer Restructuring Statistics (Restructuring Performed)
 10. Elapsed Time Per Partition
 11. Analysis & Synthesis Messages



----------------
; Legal Notice ;
----------------
Copyright (C) 1991-2013 Altera Corporation
Your use of Altera Corporation's design tools, logic functions 
and other software and tools, and its AMPP partner logic 
functions, and any output files from any of the foregoing 
(including device programming or simulation files), and any 
associated documentation or information are expressly subject 
to the terms and conditions of the Altera Program License 
Subscription Agreement, Altera MegaCore Function License 
Agreement, or other applicable license agreement, including, 
without limitation, that your use is for the sole purpose of 
programming logic devices manufactured by Altera and sold by 
Altera or its authorized distributors.  Please refer to the 
applicable agreement for further details.



+---------------------------------------------------------------------------------+
; Analysis & Synthesis Summary                                                    ;
+------------------------------------+--------------------------------------------+
; Analysis & Synthesis Status        ; Successful - Tue Nov 11 11:18:38 2025      ;
; Quartus II 64-Bit Version          ; 13.1.0 Build 162 10/23/2013 SJ Web Edition ;
; Revision Name                      ; ULA                                        ;
; Top-level Entity Name              ; ULA                                        ;
; Family                             ; Cyclone IV GX                              ;
; Total logic elements               ; 73                                         ;
;     Total combinational functions  ; 73                                         ;
;     Dedicated logic registers      ; 0                                          ;
; Total registers                    ; 0                                          ;
; Total pins                         ; 32                                         ;
; Total virtual pins                 ; 0                                          ;
; Total memory bits                  ; 0                                          ;
; Embedded Multiplier 9-bit elements ; 0                                          ;
; Total GXB Receiver Channel PCS     ; 0                                          ;
; Total GXB Receiver Channel PMA     ; 0                                          ;
; Total GXB Transmitter Channel PCS  ; 0                                          ;
; Total GXB Transmitter Channel PMA  ; 0                                          ;
; Total PLLs                         ; 0                                          ;
+------------------------------------+--------------------------------------------+


+----------------------------------------------------------------------------------------------------------------------+
; Analysis & Synthesis Settings                                                                                        ;
+----------------------------------------------------------------------------+--------------------+--------------------+
; Option                                                                     ; Setting            ; Default Value      ;
+----------------------------------------------------------------------------+--------------------+--------------------+
; Top-level entity name                                                      ; ULA                ; ULA                ;
; Family name                                                                ; Cyclone IV GX      ; Cyclone IV GX      ;
; Use smart compilation                                                      ; Off                ; Off                ;
; Enable parallel Assembler and TimeQuest Timing Analyzer during compilation ; On                 ; On                 ;
; Enable compact report table                                                ; Off                ; Off                ;
; Restructure Multiplexers                                                   ; Auto               ; Auto               ;
; Create Debugging Nodes for IP Cores                                        ; Off                ; Off                ;
; Preserve fewer node names                                                  ; On                 ; On                 ;
; Disable OpenCore Plus hardware evaluation                                  ; Off                ; Off                ;
; Verilog Version                                                            ; Verilog_2001       ; Verilog_2001       ;
; VHDL Version                                                               ; VHDL_1993          ; VHDL_1993          ;
; State Machine Processing                                                   ; Auto               ; Auto               ;
; Safe State Machine                                                         ; Off                ; Off                ;
; Extract Verilog State Machines                                             ; On                 ; On                 ;
; Extract VHDL State Machines                                                ; On                 ; On                 ;
; Ignore Verilog initial constructs                                          ; Off                ; Off                ;
; Iteration limit for constant Verilog loops                                 ; 5000               ; 5000               ;
; Iteration limit for non-constant Verilog loops                             ; 250                ; 250                ;
; Add Pass-Through Logic to Inferred RAMs                                    ; On                 ; On                 ;
; Infer RAMs from Raw Logic                                                  ; On                 ; On                 ;
; Parallel Synthesis                                                         ; On                 ; On                 ;
; DSP Block Balancing                                                        ; Auto               ; Auto               ;
; NOT Gate Push-Back                                                         ; On                 ; On                 ;
; Power-Up Don't Care                                                        ; On                 ; On                 ;
; Remove Redundant Logic Cells                                               ; Off                ; Off                ;
; Remove Duplicate Registers                                                 ; On                 ; On                 ;
; Ignore CARRY Buffers                                                       ; Off                ; Off                ;
; Ignore CASCADE Buffers                                                     ; Off                ; Off                ;
; Ignore GLOBAL Buffers                                                      ; Off                ; Off                ;
; Ignore ROW GLOBAL Buffers                                                  ; Off                ; Off                ;
; Ignore LCELL Buffers                                                       ; Off                ; Off                ;
; Ignore SOFT Buffers                                                        ; On                 ; On                 ;
; Limit AHDL Integers to 32 Bits                                             ; Off                ; Off                ;
; Optimization Technique                                                     ; Balanced           ; Balanced           ;
; Carry Chain Length                                                         ; 70                 ; 70                 ;
; Auto Carry Chains                                                          ; On                 ; On                 ;
; Auto Open-Drain Pins                                                       ; On                 ; On                 ;
; Perform WYSIWYG Primitive Resynthesis                                      ; Off                ; Off                ;
; Auto ROM Replacement                                                       ; On                 ; On                 ;
; Auto RAM Replacement                                                       ; On                 ; On                 ;
; Auto DSP Block Replacement                                                 ; On                 ; On                 ;
; Auto Shift Register Replacement                                            ; Auto               ; Auto               ;
; Allow Shift Register Merging across Hierarchies                            ; Auto               ; Auto               ;
; Auto Clock Enable Replacement                                              ; On                 ; On                 ;
; Strict RAM Replacement                                                     ; Off                ; Off                ;
; Allow Synchronous Control Signals                                          ; On                 ; On                 ;
; Force Use of Synchronous Clear Signals                                     ; Off                ; Off                ;
; Auto RAM Block Balancing                                                   ; On                 ; On                 ;
; Auto RAM to Logic Cell Conversion                                          ; Off                ; Off                ;
; Auto Resource Sharing                                                      ; Off                ; Off                ;
; Allow Any RAM Size For Recognition                                         ; Off                ; Off                ;
; Allow Any ROM Size For Recognition                                         ; Off                ; Off                ;
; Allow Any Shift Register Size For Recognition                              ; Off                ; Off                ;
; Use LogicLock Constraints during Resource Balancing                        ; On                 ; On                 ;
; Ignore translate_off and synthesis_off directives                          ; Off                ; Off                ;
; Timing-Driven Synthesis                                                    ; On                 ; On                 ;
; Report Parameter Settings                                                  ; On                 ; On                 ;
; Report Source Assignments                                                  ; On                 ; On                 ;
; Report Connectivity Checks                                                 ; On                 ; On                 ;
; Ignore Maximum Fan-Out Assignments                                         ; Off                ; Off                ;
; Synchronization Register Chain Length                                      ; 2                  ; 2                  ;
; PowerPlay Power Optimization                                               ; Normal compilation ; Normal compilation ;
; HDL message level                                                          ; Level2             ; Level2             ;
; Suppress Register Optimization Related Messages                            ; Off                ; Off                ;
; Number of Removed Registers Reported in Synthesis Report                   ; 5000               ; 5000               ;
; Number of Swept Nodes Reported in Synthesis Report                         ; 5000               ; 5000               ;
; Number of Inverted Registers Reported in Synthesis Report                  ; 100                ; 100                ;
; Clock MUX Protection                                                       ; On                 ; On                 ;
; Auto Gated Clock Conversion                                                ; Off                ; Off                ;
; Block Design Naming                                                        ; Auto               ; Auto               ;
; SDC constraint protection                                                  ; Off                ; Off                ;
; Synthesis Effort                                                           ; Auto               ; Auto               ;
; Shift Register Replacement - Allow Asynchronous Clear Signal               ; On                 ; On                 ;
; Pre-Mapping Resynthesis Optimization                                       ; Off                ; Off                ;
; Analysis & Synthesis Message Level                                         ; Medium             ; Medium             ;
; Disable Register Merging Across Hierarchies                                ; Auto               ; Auto               ;
; Resource Aware Inference For Block RAM                                     ; On                 ; On                 ;
; Synthesis Seed                                                             ; 1                  ; 1                  ;
+----------------------------------------------------------------------------+--------------------+--------------------+


Parallel compilation was disabled, but you have multiple processors available. Enable parallel compilation to reduce compilation time.
+-------------------------------------+
; Parallel Compilation                ;
+----------------------------+--------+
; Processors                 ; Number ;
+----------------------------+--------+
; Number detected on machine ; 12     ;
; Maximum allowed            ; 1      ;
+----------------------------+--------+


+---------------------------------------------------------------------------------------------------------------------------------------------------------------------------+
; Analysis & Synthesis Source Files Read                                                                                                                                    ;
+----------------------------------+-----------------+------------------------------------------+-----------------------------------------------------------------+---------+
; File Name with User-Entered Path ; Used in Netlist ; File Type                                ; File Name with Absolute Path                                    ; Library ;
+----------------------------------+-----------------+------------------------------------------+-----------------------------------------------------------------+---------+
; ULA.bdf                          ; yes             ; User Block Diagram/Schematic File        ; C:/Users/joaop/Circuitos/INF01058/TRFINAL/ULA/ULA.bdf           ;         ;
; mux8bit.bdf                      ; yes             ; Auto-Found Block Diagram/Schematic File  ; C:/Users/joaop/Circuitos/INF01058/TRFINAL/ULA/mux8bit.bdf       ;         ;
; multiplexador.bdf                ; yes             ; Auto-Found Block Diagram/Schematic File  ; C:/Users/joaop/Circuitos/INF01058/TRFINAL/ULA/multiplexador.bdf ;         ;
; sumcla.bdf                       ; yes             ; Auto-Found Block Diagram/Schematic File  ; C:/Users/joaop/Circuitos/INF01058/TRFINAL/ULA/sumcla.bdf        ;         ;
; clalogic.bdf                     ; yes             ; Auto-Found Block Diagram/Schematic File  ; C:/Users/joaop/Circuitos/INF01058/TRFINAL/ULA/clalogic.bdf      ;         ;
; adderunit.bdf                    ; yes             ; Auto-Found Block Diagram/Schematic File  ; C:/Users/joaop/Circuitos/INF01058/TRFINAL/ULA/adderunit.bdf     ;         ;
; multiplier.bdf                   ; yes             ; Auto-Found Block Diagram/Schematic File  ; C:/Users/joaop/Circuitos/INF01058/TRFINAL/ULA/multiplier.bdf    ;         ;
; halfadder.bdf                    ; yes             ; Auto-Found Block Diagram/Schematic File  ; C:/Users/joaop/Circuitos/INF01058/TRFINAL/ULA/halfadder.bdf     ;         ;
; fulladder.bdf                    ; yes             ; Auto-Found Block Diagram/Schematic File  ; C:/Users/joaop/Circuitos/INF01058/TRFINAL/ULA/fulladder.bdf     ;         ;
+----------------------------------+-----------------+------------------------------------------+-----------------------------------------------------------------+---------+


+---------------------------------------------+
; Analysis & Synthesis Resource Usage Summary ;
+--------------------------+------------------+
; Resource                 ; Usage            ;
+--------------------------+------------------+
; I/O pins                 ; 32               ;
; DSP block 9-bit elements ; 0                ;
; Maximum fan-out node     ; Sel[5]~input     ;
; Maximum fan-out          ; 23               ;
; Total fan-out            ; 297              ;
; Average fan-out          ; 2.17             ;
+--------------------------+------------------+


+--------------------------------------------------------------------------------------------------------------------------------------------------------------------------------------------------------------+
; Analysis & Synthesis Resource Utilization by Entity                                                                                                                                                          ;
+-----------------------------+-------------------+--------------+-------------+--------------+---------+-----------+-----------+------+--------------+-----------------------------------------+--------------+
; Compilation Hierarchy Node  ; LC Combinationals ; LC Registers ; Memory Bits ; DSP Elements ; DSP 9x9 ; DSP 18x18 ; DSP 36x36 ; Pins ; Virtual Pins ; Full Hierarchy Name                     ; Library Name ;
+-----------------------------+-------------------+--------------+-------------+--------------+---------+-----------+-----------+------+--------------+-----------------------------------------+--------------+
; |ULA                        ; 73 (0)            ; 0 (0)        ; 0           ; 0            ; 0       ; 0         ; 0         ; 32   ; 0            ; |ULA                                    ; work         ;
;    |Mux8bit:inst19|         ; 33 (0)            ; 0 (0)        ; 0           ; 0            ; 0       ; 0         ; 0         ; 0    ; 0            ; |ULA|Mux8bit:inst19                     ; work         ;
;       |Multiplexador:inst1| ; 4 (4)             ; 0 (0)        ; 0           ; 0            ; 0       ; 0         ; 0         ; 0    ; 0            ; |ULA|Mux8bit:inst19|Multiplexador:inst1 ; work         ;
;       |Multiplexador:inst2| ; 4 (4)             ; 0 (0)        ; 0           ; 0            ; 0       ; 0         ; 0         ; 0    ; 0            ; |ULA|Mux8bit:inst19|Multiplexador:inst2 ; work         ;
;       |Multiplexador:inst3| ; 5 (5)             ; 0 (0)        ; 0           ; 0            ; 0       ; 0         ; 0         ; 0    ; 0            ; |ULA|Mux8bit:inst19|Multiplexador:inst3 ; work         ;
;       |Multiplexador:inst4| ; 4 (4)             ; 0 (0)        ; 0           ; 0            ; 0       ; 0         ; 0         ; 0    ; 0            ; |ULA|Mux8bit:inst19|Multiplexador:inst4 ; work         ;
;       |Multiplexador:inst5| ; 4 (4)             ; 0 (0)        ; 0           ; 0            ; 0       ; 0         ; 0         ; 0    ; 0            ; |ULA|Mux8bit:inst19|Multiplexador:inst5 ; work         ;
;       |Multiplexador:inst6| ; 4 (4)             ; 0 (0)        ; 0           ; 0            ; 0       ; 0         ; 0         ; 0    ; 0            ; |ULA|Mux8bit:inst19|Multiplexador:inst6 ; work         ;
;       |Multiplexador:inst7| ; 5 (5)             ; 0 (0)        ; 0           ; 0            ; 0       ; 0         ; 0         ; 0    ; 0            ; |ULA|Mux8bit:inst19|Multiplexador:inst7 ; work         ;
;       |Multiplexador:inst|  ; 3 (3)             ; 0 (0)        ; 0           ; 0            ; 0       ; 0         ; 0         ; 0    ; 0            ; |ULA|Mux8bit:inst19|Multiplexador:inst  ; work         ;
;    |multiplier:inst13|      ; 27 (8)            ; 0 (0)        ; 0           ; 0            ; 0       ; 0         ; 0         ; 0    ; 0            ; |ULA|multiplier:inst13                  ; work         ;
;       |FullAdder:inst11|    ; 2 (2)             ; 0 (0)        ; 0           ; 0            ; 0       ; 0         ; 0         ; 0    ; 0            ; |ULA|multiplier:inst13|FullAdder:inst11 ; work         ;
;       |FullAdder:inst28|    ; 2 (2)             ; 0 (0)        ; 0           ; 0            ; 0       ; 0         ; 0         ; 0    ; 0            ; |ULA|multiplier:inst13|FullAdder:inst28 ; work         ;
;       |FullAdder:inst2|     ; 2 (2)             ; 0 (0)        ; 0           ; 0            ; 0       ; 0         ; 0         ; 0    ; 0            ; |ULA|multiplier:inst13|FullAdder:inst2  ; work         ;
;       |FullAdder:inst3|     ; 2 (2)             ; 0 (0)        ; 0           ; 0            ; 0       ; 0         ; 0         ; 0    ; 0            ; |ULA|multiplier:inst13|FullAdder:inst3  ; work         ;
;       |FullAdder:inst4|     ; 2 (2)             ; 0 (0)        ; 0           ; 0            ; 0       ; 0         ; 0         ; 0    ; 0            ; |ULA|multiplier:inst13|FullAdder:inst4  ; work         ;
;       |FullAdder:inst5|     ; 2 (2)             ; 0 (0)        ; 0           ; 0            ; 0       ; 0         ; 0         ; 0    ; 0            ; |ULA|multiplier:inst13|FullAdder:inst5  ; work         ;
;       |FullAdder:inst9|     ; 2 (2)             ; 0 (0)        ; 0           ; 0            ; 0       ; 0         ; 0         ; 0    ; 0            ; |ULA|multiplier:inst13|FullAdder:inst9  ; work         ;
;       |FullAdder:inst|      ; 4 (4)             ; 0 (0)        ; 0           ; 0            ; 0       ; 0         ; 0         ; 0    ; 0            ; |ULA|multiplier:inst13|FullAdder:inst   ; work         ;
;       |halfAdder:inst1|     ; 1 (1)             ; 0 (0)        ; 0           ; 0            ; 0       ; 0         ; 0         ; 0    ; 0            ; |ULA|multiplier:inst13|halfAdder:inst1  ; work         ;
;    |sumCLA:inst2|           ; 6 (0)             ; 0 (0)        ; 0           ; 0            ; 0       ; 0         ; 0         ; 0    ; 0            ; |ULA|sumCLA:inst2                       ; work         ;
;       |CLAlogic:inst4|      ; 2 (2)             ; 0 (0)        ; 0           ; 0            ; 0       ; 0         ; 0         ; 0    ; 0            ; |ULA|sumCLA:inst2|CLAlogic:inst4        ; work         ;
;       |adderUnit:inst1|     ; 2 (2)             ; 0 (0)        ; 0           ; 0            ; 0       ; 0         ; 0         ; 0    ; 0            ; |ULA|sumCLA:inst2|adderUnit:inst1       ; work         ;
;       |adderUnit:inst2|     ; 1 (1)             ; 0 (0)        ; 0           ; 0            ; 0       ; 0         ; 0         ; 0    ; 0            ; |ULA|sumCLA:inst2|adderUnit:inst2       ; work         ;
;       |adderUnit:inst|      ; 1 (1)             ; 0 (0)        ; 0           ; 0            ; 0       ; 0         ; 0         ; 0    ; 0            ; |ULA|sumCLA:inst2|adderUnit:inst        ; work         ;
;    |sumCLA:inst|            ; 7 (0)             ; 0 (0)        ; 0           ; 0            ; 0       ; 0         ; 0         ; 0    ; 0            ; |ULA|sumCLA:inst                        ; work         ;
;       |CLAlogic:inst4|      ; 4 (4)             ; 0 (0)        ; 0           ; 0            ; 0       ; 0         ; 0         ; 0    ; 0            ; |ULA|sumCLA:inst|CLAlogic:inst4         ; work         ;
;       |adderUnit:inst1|     ; 1 (1)             ; 0 (0)        ; 0           ; 0            ; 0       ; 0         ; 0         ; 0    ; 0            ; |ULA|sumCLA:inst|adderUnit:inst1        ; work         ;
;       |adderUnit:inst2|     ; 2 (2)             ; 0 (0)        ; 0           ; 0            ; 0       ; 0         ; 0         ; 0    ; 0            ; |ULA|sumCLA:inst|adderUnit:inst2        ; work         ;
+-----------------------------+-------------------+--------------+-------------+--------------+---------+-----------+-----------+------+--------------+-----------------------------------------+--------------+
Note: For table entries with two numbers listed, the numbers in parentheses indicate the number of resources of the given type used by the specific entity alone. The numbers listed outside of parentheses indicate the total resources of the given type used by the specific entity and all of its sub-entities in the hierarchy.


+------------------------------------------------------+
; General Register Statistics                          ;
+----------------------------------------------+-------+
; Statistic                                    ; Value ;
+----------------------------------------------+-------+
; Total registers                              ; 0     ;
; Number of registers using Synchronous Clear  ; 0     ;
; Number of registers using Synchronous Load   ; 0     ;
; Number of registers using Asynchronous Clear ; 0     ;
; Number of registers using Asynchronous Load  ; 0     ;
; Number of registers using Clock Enable       ; 0     ;
; Number of registers using Preset             ; 0     ;
+----------------------------------------------+-------+


+-------------------------------------------------------------------------------------------------------------------------------------------------------------+
; Multiplexer Restructuring Statistics (Restructuring Performed)                                                                                              ;
+--------------------+-----------+---------------+----------------------+------------------------+------------+-----------------------------------------------+
; Multiplexer Inputs ; Bus Width ; Baseline Area ; Area if Restructured ; Saving if Restructured ; Registered ; Example Multiplexer Output                    ;
+--------------------+-----------+---------------+----------------------+------------------------+------------+-----------------------------------------------+
; 6:1                ; 7 bits    ; 28 LEs        ; 28 LEs               ; 0 LEs                  ; No         ; |ULA|Mux8bit:inst19|Multiplexador:inst7|inst5 ;
+--------------------+-----------+---------------+----------------------+------------------------+------------+-----------------------------------------------+


+-------------------------------+
; Elapsed Time Per Partition    ;
+----------------+--------------+
; Partition Name ; Elapsed Time ;
+----------------+--------------+
; Top            ; 00:00:00     ;
+----------------+--------------+


+-------------------------------+
; Analysis & Synthesis Messages ;
+-------------------------------+
Info: *******************************************************************
Info: Running Quartus II 64-Bit Analysis & Synthesis
    Info: Version 13.1.0 Build 162 10/23/2013 SJ Web Edition
    Info: Processing started: Tue Nov 11 11:18:36 2025
Info: Command: quartus_map --read_settings_files=on --write_settings_files=off ULA -c ULA
Warning (20028): Parallel compilation is not licensed and has been disabled
Info (12021): Found 1 design units, including 1 entities, in source file ula.bdf
    Info (12023): Found entity 1: ULA
Info (12127): Elaborating entity "ULA" for the top level hierarchy
Warning (12125): Using design file mux8bit.bdf, which is not specified as a design file for the current project, but contains definitions for 1 design units and 1 entities in project
    Info (12023): Found entity 1: Mux8bit
Info (12128): Elaborating entity "Mux8bit" for hierarchy "Mux8bit:inst19"
Warning (12125): Using design file multiplexador.bdf, which is not specified as a design file for the current project, but contains definitions for 1 design units and 1 entities in project
    Info (12023): Found entity 1: Multiplexador
Info (12128): Elaborating entity "Multiplexador" for hierarchy "Mux8bit:inst19|Multiplexador:inst1"
Warning (12125): Using design file sumcla.bdf, which is not specified as a design file for the current project, but contains definitions for 1 design units and 1 entities in project
    Info (12023): Found entity 1: sumCLA
Info (12128): Elaborating entity "sumCLA" for hierarchy "sumCLA:inst2"
Warning (12125): Using design file clalogic.bdf, which is not specified as a design file for the current project, but contains definitions for 1 design units and 1 entities in project
    Info (12023): Found entity 1: CLAlogic
Info (12128): Elaborating entity "CLAlogic" for hierarchy "sumCLA:inst2|CLAlogic:inst4"
Warning (12125): Using design file adderunit.bdf, which is not specified as a design file for the current project, but contains definitions for 1 design units and 1 entities in project
    Info (12023): Found entity 1: adderUnit
Info (12128): Elaborating entity "adderUnit" for hierarchy "sumCLA:inst2|adderUnit:inst"
Warning (12125): Using design file multiplier.bdf, which is not specified as a design file for the current project, but contains definitions for 1 design units and 1 entities in project
    Info (12023): Found entity 1: multiplier
Info (12128): Elaborating entity "multiplier" for hierarchy "multiplier:inst13"
Warning (12125): Using design file halfadder.bdf, which is not specified as a design file for the current project, but contains definitions for 1 design units and 1 entities in project
    Info (12023): Found entity 1: halfAdder
Info (12128): Elaborating entity "halfAdder" for hierarchy "multiplier:inst13|halfAdder:inst1"
Warning (12125): Using design file fulladder.bdf, which is not specified as a design file for the current project, but contains definitions for 1 design units and 1 entities in project
    Info (12023): Found entity 1: FullAdder
Info (12128): Elaborating entity "FullAdder" for hierarchy "multiplier:inst13|FullAdder:inst"
Info (286030): Timing-Driven Synthesis is running
Info (16010): Generating hard_block partition "hard_block:auto_generated_inst"
    Info (16011): Adding 0 node(s), including 0 DDIO, 0 PLL, 0 transceiver and 0 LCELL
Warning (21074): Design contains 5 input pin(s) that do not drive logic
    Warning (15610): No output dependent on input pin "Sel[7]"
    Warning (15610): No output dependent on input pin "Sel[3]"
    Warning (15610): No output dependent on input pin "Sel[2]"
    Warning (15610): No output dependent on input pin "Sel[1]"
    Warning (15610): No output dependent on input pin "Sel[0]"
Info (21057): Implemented 105 device resources after synthesis - the final resource count might be different
    Info (21058): Implemented 24 input pins
    Info (21059): Implemented 8 output pins
    Info (21061): Implemented 73 logic cells
Info: Quartus II 64-Bit Analysis & Synthesis was successful. 0 errors, 15 warnings
    Info: Peak virtual memory: 4676 megabytes
    Info: Processing ended: Tue Nov 11 11:18:38 2025
    Info: Elapsed time: 00:00:02
    Info: Total CPU time (on all processors): 00:00:01


