Flow report for Multiplexador
Thu Sep 25 11:24:37 2025
Quartus II 64-Bit Version 13.1.0 Build 162 10/23/2013 SJ Web Edition


---------------------
; Table of Contents ;
---------------------
  1. Legal Notice
  2. Flow Summary
  3. Flow Settings
  4. Flow Non-Default Global Settings
  5. Flow Elapsed Time
  6. Flow OS Summary
  7. Flow Log
  8. Flow Messages
  9. Flow Suppressed Messages



----------------
; Legal Notice ;
----------------
Copyright (C) 1991-2013 Altera Corporation
Your use of Altera Corporation's design tools, logic functions 
and other software and tools, and its AMPP partner logic 
functions, and any output files from any of the foregoing 
(including device programming or simulation files), and any 
associated documentation or information are expressly subject 
to the terms and conditions of the Altera Program License 
Subscription Agreement, Altera MegaCore Function License 
Agreement, or other applicable license agreement, including, 
without limitation, that your use is for the sole purpose of 
programming logic devices manufactured by Altera and sold by 
Altera or its authorized distributors.  Please refer to the 
applicable agreement for further details.



+---------------------------------------------------------------------------------+
; Flow Summary                                                                    ;
+------------------------------------+--------------------------------------------+
; Flow Status                        ; Successful - Thu Sep 25 11:24:37 2025      ;
; Quartus II 64-Bit Version          ; 13.1.0 Build 162 10/23/2013 SJ Web Edition ;
; Revision Name                      ; Multiplexador                              ;
; Top-level Entity Name              ; Mux8bit                                    ;
; Family                             ; Cyclone IV GX                              ;
; Total logic elements               ; 8 / 14,400 ( < 1 % )                       ;
;     Total combinational functions  ; 8 / 14,400 ( < 1 % )                       ;
;     Dedicated logic registers      ; 0 / 14,400 ( 0 % )                         ;
; Total registers                    ; 0                                          ;
; Total pins                         ; 25 / 81 ( 31 % )                           ;
; Total virtual pins                 ; 0                                          ;
; Total memory bits                  ; 0 / 552,960 ( 0 % )                        ;
; Embedded Multiplier 9-bit elements ; 0                                          ;
; Total GXB Receiver Channel PCS     ; 0 / 2 ( 0 % )                              ;
; Total GXB Receiver Channel PMA     ; 0 / 2 ( 0 % )                              ;
; Total GXB Transmitter Channel PCS  ; 0 / 2 ( 0 % )                              ;
; Total GXB Transmitter Channel PMA  ; 0 / 2 ( 0 % )                              ;
; Total PLLs                         ; 0 / 3 ( 0 % )                              ;
; Device                             ; EP4CGX15BF14C6                             ;
; Timing Models                      ; Final                                      ;
+------------------------------------+--------------------------------------------+


+-----------------------------------------+
; Flow Settings                           ;
+-------------------+---------------------+
; Option            ; Setting             ;
+-------------------+---------------------+
; Start date & time ; 09/25/2025 09:41:15 ;
; Main task         ; Compilation         ;
; Revision Name     ; Multiplexador       ;
+-------------------+---------------------+


+-----------------------------------------------------------------------------------------------------------------------------------------------+
; Flow Non-Default Global Settings                                                                                                              ;
+-------------------------------------+----------------------------------------------------------+---------------+-------------+----------------+
; Assignment Name                     ; Value                                                    ; Default Value ; Entity Name ; Section Id     ;
+-------------------------------------+----------------------------------------------------------+---------------+-------------+----------------+
; COMPILER_SIGNATURE_ID               ; 211334704864212.175880407501312                          ; --            ; --          ; --             ;
; EDA_GENERATE_FUNCTIONAL_NETLIST     ; Off                                                      ; --            ; --          ; eda_simulation ;
; EDA_NETLIST_WRITER_OUTPUT_DIR       ; C:/Users/joaop/Circuitos/INF01058/LAB03/simulation/qsim/ ; --            ; --          ; eda_simulation ;
; EDA_OUTPUT_DATA_FORMAT              ; Verilog Hdl                                              ; --            ; --          ; eda_simulation ;
; EDA_SIMULATION_TOOL                 ; ModelSim-Altera (Verilog)                                ; <None>        ; --          ; --             ;
; EDA_TIME_SCALE                      ; 1 ps                                                     ; --            ; --          ; eda_simulation ;
; PARTITION_COLOR                     ; 16764057                                                 ; --            ; Mux8bit     ; Top            ;
; PARTITION_FITTER_PRESERVATION_LEVEL ; PLACEMENT_AND_ROUTING                                    ; --            ; Mux8bit     ; Top            ;
; PARTITION_NETLIST_TYPE              ; SOURCE                                                   ; --            ; Mux8bit     ; Top            ;
; PROJECT_OUTPUT_DIRECTORY            ; output_files                                             ; --            ; --          ; --             ;
; TOP_LEVEL_ENTITY                    ; Mux8bit                                                  ; Multiplexador ; --          ; --             ;
+-------------------------------------+----------------------------------------------------------+---------------+-------------+----------------+


+-------------------------------------------------------------------------------------------------------------------------------+
; Flow Elapsed Time                                                                                                             ;
+---------------------------+--------------+-------------------------+---------------------+------------------------------------+
; Module Name               ; Elapsed Time ; Average Processors Used ; Peak Virtual Memory ; Total CPU Time (on all processors) ;
+---------------------------+--------------+-------------------------+---------------------+------------------------------------+
; Analysis & Synthesis      ; 00:00:01     ; 1.0                     ; 4671 MB             ; 00:00:01                           ;
; Fitter                    ; 00:00:03     ; 1.0                     ; 5033 MB             ; 00:00:03                           ;
; TimeQuest Timing Analyzer ; 00:00:02     ; 1.0                     ; 4647 MB             ; 00:00:01                           ;
; EDA Netlist Writer        ; 00:00:01     ; 1.0                     ; 4594 MB             ; 00:00:00                           ;
; EDA Netlist Writer        ; 00:00:01     ; 1.0                     ; 4610 MB             ; 00:00:00                           ;
; EDA Netlist Writer        ; 00:00:00     ; 1.0                     ; 4594 MB             ; 00:00:00                           ;
; EDA Netlist Writer        ; 00:00:01     ; 1.0                     ; 4610 MB             ; 00:00:00                           ;
; Total                     ; 00:00:09     ; --                      ; --                  ; 00:00:05                           ;
+---------------------------+--------------+-------------------------+---------------------+------------------------------------+


+----------------------------------------------------------------------------------------+
; Flow OS Summary                                                                        ;
+---------------------------+------------------+-----------+------------+----------------+
; Module Name               ; Machine Hostname ; OS Name   ; OS Version ; Processor type ;
+---------------------------+------------------+-----------+------------+----------------+
; Analysis & Synthesis      ; LOQ-Joao         ; Windows 7 ; 6.2        ; x86_64         ;
; Fitter                    ; LOQ-Joao         ; Windows 7 ; 6.2        ; x86_64         ;
; TimeQuest Timing Analyzer ; LOQ-Joao         ; Windows 7 ; 6.2        ; x86_64         ;
; EDA Netlist Writer        ; LOQ-Joao         ; Windows 7 ; 6.2        ; x86_64         ;
; EDA Netlist Writer        ; LOQ-Joao         ; Windows 7 ; 6.2        ; x86_64         ;
; EDA Netlist Writer        ; LOQ-Joao         ; Windows 7 ; 6.2        ; x86_64         ;
; EDA Netlist Writer        ; LOQ-Joao         ; Windows 7 ; 6.2        ; x86_64         ;
+---------------------------+------------------+-----------+------------+----------------+


------------
; Flow Log ;
------------
quartus_map --read_settings_files=on --write_settings_files=off Multiplexador -c Multiplexador
quartus_fit --read_settings_files=off --write_settings_files=off Multiplexador -c Multiplexador
quartus_sta Multiplexador -c Multiplexador
quartus_eda --gen_testbench --check_outputs=on --tool=modelsim_oem --format=verilog Multiplexador -c Multiplexador --vector_source=C:/Users/joaop/Circuitos/INF01058/LAB03/MUX8bit/Waveform1.vwf --testbench_file=C:/Users/joaop/Circuitos/INF01058/LAB03/MUX8bit/simulation/qsim/Waveform1.vwf.vt
quartus_eda --functional=off --flatten_buses=off --timescale=1ps --simulation=on --tool=modelsim_oem --format=verilog --output_directory=C:/Users/joaop/Circuitos/INF01058/LAB03/MUX8bit/simulation/qsim/ Multiplexador -c Multiplexador
quartus_eda --gen_testbench --check_outputs=on --tool=modelsim_oem --format=verilog Multiplexador -c Multiplexador --vector_source=C:/Users/joaop/Circuitos/INF01058/LAB03/MUX8bit/WaveformMUX8bit.vwf --testbench_file=C:/Users/joaop/Circuitos/INF01058/LAB03/MUX8bit/simulation/qsim/WaveformMUX8bit.vwf.vt
quartus_eda --functional=off --flatten_buses=off --timescale=1ps --simulation=on --tool=modelsim_oem --format=verilog --output_directory=C:/Users/joaop/Circuitos/INF01058/LAB03/MUX8bit/simulation/qsim/ Multiplexador -c Multiplexador



