Flow report for NEANDER
Wed Dec 03 17:23:22 2025
Quartus II 64-Bit Version 13.1.0 Build 162 10/23/2013 SJ Web Edition


---------------------
; Table of Contents ;
---------------------
  1. Legal Notice
  2. Flow Summary
  3. Flow Settings
  4. Flow Non-Default Global Settings
  5. Flow Elapsed Time
  6. Flow OS Summary
  7. Flow Log
  8. Flow Messages
  9. Flow Suppressed Messages



----------------
; Legal Notice ;
----------------
Copyright (C) 1991-2013 Altera Corporation
Your use of Altera Corporation's design tools, logic functions 
and other software and tools, and its AMPP partner logic 
functions, and any output files from any of the foregoing 
(including device programming or simulation files), and any 
associated documentation or information are expressly subject 
to the terms and conditions of the Altera Program License 
Subscription Agreement, Altera MegaCore Function License 
Agreement, or other applicable license agreement, including, 
without limitation, that your use is for the sole purpose of 
programming logic devices manufactured by Altera and sold by 
Altera or its authorized distributors.  Please refer to the 
applicable agreement for further details.



+---------------------------------------------------------------------------------+
; Flow Summary                                                                    ;
+------------------------------------+--------------------------------------------+
; Flow Status                        ; Successful - Wed Dec 03 17:23:22 2025      ;
; Quartus II 64-Bit Version          ; 13.1.0 Build 162 10/23/2013 SJ Web Edition ;
; Revision Name                      ; NEANDER                                    ;
; Top-level Entity Name              ; NEANDER                                    ;
; Family                             ; Cyclone IV GX                              ;
; Total logic elements               ; 167 / 21,280 ( < 1 % )                     ;
;     Total combinational functions  ; 164 / 21,280 ( < 1 % )                     ;
;     Dedicated logic registers      ; 46 / 21,280 ( < 1 % )                      ;
; Total registers                    ; 46                                         ;
; Total pins                         ; 75 / 167 ( 45 % )                          ;
; Total virtual pins                 ; 0                                          ;
; Total memory bits                  ; 2,048 / 774,144 ( < 1 % )                  ;
; Embedded Multiplier 9-bit elements ; 0 / 80 ( 0 % )                             ;
; Total GXB Receiver Channel PCS     ; 0 / 4 ( 0 % )                              ;
; Total GXB Receiver Channel PMA     ; 0 / 4 ( 0 % )                              ;
; Total GXB Transmitter Channel PCS  ; 0 / 4 ( 0 % )                              ;
; Total GXB Transmitter Channel PMA  ; 0 / 4 ( 0 % )                              ;
; Total PLLs                         ; 0 / 4 ( 0 % )                              ;
; Device                             ; EP4CGX22CF19C6                             ;
; Timing Models                      ; Final                                      ;
+------------------------------------+--------------------------------------------+


+-----------------------------------------+
; Flow Settings                           ;
+-------------------+---------------------+
; Option            ; Setting             ;
+-------------------+---------------------+
; Start date & time ; 12/03/2025 17:21:53 ;
; Main task         ; Compilation         ;
; Revision Name     ; NEANDER             ;
+-------------------+---------------------+


+------------------------------------------------------------------------------------------------------------------------------------------------------+
; Flow Non-Default Global Settings                                                                                                                     ;
+-------------------------------------+-----------------------------------------------------------------+---------------+-------------+----------------+
; Assignment Name                     ; Value                                                           ; Default Value ; Entity Name ; Section Id     ;
+-------------------------------------+-----------------------------------------------------------------+---------------+-------------+----------------+
; COMPILER_SIGNATURE_ID               ; 106408470312197.176479331313008                                 ; --            ; --          ; --             ;
; EDA_GENERATE_FUNCTIONAL_NETLIST     ; On                                                              ; --            ; --          ; eda_simulation ;
; EDA_NETLIST_WRITER_OUTPUT_DIR       ; C:/Users/joaop/UFRGS/Circuitos/TRFINAL/NEANDER/simulation/qsim/ ; --            ; --          ; eda_simulation ;
; EDA_OUTPUT_DATA_FORMAT              ; Verilog Hdl                                                     ; --            ; --          ; eda_simulation ;
; EDA_SIMULATION_TOOL                 ; ModelSim-Altera (Verilog)                                       ; <None>        ; --          ; --             ;
; PARTITION_COLOR                     ; 16764057                                                        ; --            ; --          ; Top            ;
; PARTITION_FITTER_PRESERVATION_LEVEL ; PLACEMENT_AND_ROUTING                                           ; --            ; --          ; Top            ;
; PARTITION_NETLIST_TYPE              ; SOURCE                                                          ; --            ; --          ; Top            ;
; PROJECT_OUTPUT_DIRECTORY            ; output_files                                                    ; --            ; --          ; --             ;
+-------------------------------------+-----------------------------------------------------------------+---------------+-------------+----------------+


+--------------------------------------------------------------------------------------------------------------------------+
; Flow Elapsed Time                                                                                                        ;
+----------------------+--------------+-------------------------+---------------------+------------------------------------+
; Module Name          ; Elapsed Time ; Average Processors Used ; Peak Virtual Memory ; Total CPU Time (on all processors) ;
+----------------------+--------------+-------------------------+---------------------+------------------------------------+
; Analysis & Synthesis ; 00:00:04     ; 1.0                     ; 4727 MB             ; 00:00:03                           ;
; Fitter               ; 00:00:12     ; 1.0                     ; 5064 MB             ; 00:00:11                           ;
; Assembler            ; 00:00:02     ; 1.0                     ; 4641 MB             ; 00:00:02                           ;
; EDA Netlist Writer   ; 00:00:01     ; 1.0                     ; 4595 MB             ; 00:00:01                           ;
; EDA Netlist Writer   ; 00:00:01     ; 1.0                     ; 4611 MB             ; 00:00:01                           ;
; Total                ; 00:00:20     ; --                      ; --                  ; 00:00:18                           ;
+----------------------+--------------+-------------------------+---------------------+------------------------------------+


+-----------------------------------------------------------------------------------+
; Flow OS Summary                                                                   ;
+----------------------+------------------+-----------+------------+----------------+
; Module Name          ; Machine Hostname ; OS Name   ; OS Version ; Processor type ;
+----------------------+------------------+-----------+------------+----------------+
; Analysis & Synthesis ; LOQ-Joao         ; Windows 7 ; 6.2        ; x86_64         ;
; Fitter               ; LOQ-Joao         ; Windows 7 ; 6.2        ; x86_64         ;
; Assembler            ; LOQ-Joao         ; Windows 7 ; 6.2        ; x86_64         ;
; EDA Netlist Writer   ; LOQ-Joao         ; Windows 7 ; 6.2        ; x86_64         ;
; EDA Netlist Writer   ; LOQ-Joao         ; Windows 7 ; 6.2        ; x86_64         ;
+----------------------+------------------+-----------+------------+----------------+


------------
; Flow Log ;
------------
quartus_map --read_settings_files=on --write_settings_files=off NEANDER -c NEANDER
quartus_fit --read_settings_files=off --write_settings_files=off NEANDER -c NEANDER
quartus_asm --read_settings_files=off --write_settings_files=off NEANDER -c NEANDER
quartus_eda --gen_testbench --check_outputs=on --tool=modelsim_oem --format=verilog NEANDER -c NEANDER --vector_source=C:/Users/joaop/UFRGS/Circuitos/TRFINAL/NEANDER/Waveform10.vwf --testbench_file=C:/Users/joaop/UFRGS/Circuitos/TRFINAL/NEANDER/simulation/qsim/Waveform10.vwf.vt
quartus_eda --functional=on --flatten_buses=off --simulation=on --tool=modelsim_oem --format=verilog --output_directory=C:/Users/joaop/UFRGS/Circuitos/TRFINAL/NEANDER/simulation/qsim/ NEANDER -c NEANDER



