Analysis & Synthesis report for NEANDER
Tue Dec 02 15:13:21 2025
Quartus II 64-Bit Version 13.1.0 Build 162 10/23/2013 SJ Web Edition


---------------------
; Table of Contents ;
---------------------
  1. Legal Notice
  2. Analysis & Synthesis Summary
  3. Analysis & Synthesis Settings
  4. Parallel Compilation
  5. Analysis & Synthesis Source Files Read
  6. Analysis & Synthesis Resource Usage Summary
  7. Analysis & Synthesis Resource Utilization by Entity
  8. General Register Statistics
  9. Elapsed Time Per Partition
 10. Analysis & Synthesis Messages



----------------
; Legal Notice ;
----------------
Copyright (C) 1991-2013 Altera Corporation
Your use of Altera Corporation's design tools, logic functions 
and other software and tools, and its AMPP partner logic 
functions, and any output files from any of the foregoing 
(including device programming or simulation files), and any 
associated documentation or information are expressly subject 
to the terms and conditions of the Altera Program License 
Subscription Agreement, Altera MegaCore Function License 
Agreement, or other applicable license agreement, including, 
without limitation, that your use is for the sole purpose of 
programming logic devices manufactured by Altera and sold by 
Altera or its authorized distributors.  Please refer to the 
applicable agreement for further details.



+---------------------------------------------------------------------------------+
; Analysis & Synthesis Summary                                                    ;
+------------------------------------+--------------------------------------------+
; Analysis & Synthesis Status        ; Successful - Tue Dec 02 15:13:21 2025      ;
; Quartus II 64-Bit Version          ; 13.1.0 Build 162 10/23/2013 SJ Web Edition ;
; Revision Name                      ; NEANDER                                    ;
; Top-level Entity Name              ; NEANDER                                    ;
; Family                             ; Cyclone IV GX                              ;
; Total logic elements               ; 49                                         ;
;     Total combinational functions  ; 49                                         ;
;     Dedicated logic registers      ; 3                                          ;
; Total registers                    ; 3                                          ;
; Total pins                         ; 23                                         ;
; Total virtual pins                 ; 0                                          ;
; Total memory bits                  ; 0                                          ;
; Embedded Multiplier 9-bit elements ; 0                                          ;
; Total GXB Receiver Channel PCS     ; 0                                          ;
; Total GXB Receiver Channel PMA     ; 0                                          ;
; Total GXB Transmitter Channel PCS  ; 0                                          ;
; Total GXB Transmitter Channel PMA  ; 0                                          ;
; Total PLLs                         ; 0                                          ;
+------------------------------------+--------------------------------------------+


+----------------------------------------------------------------------------------------------------------------------+
; Analysis & Synthesis Settings                                                                                        ;
+----------------------------------------------------------------------------+--------------------+--------------------+
; Option                                                                     ; Setting            ; Default Value      ;
+----------------------------------------------------------------------------+--------------------+--------------------+
; Top-level entity name                                                      ; NEANDER            ; NEANDER            ;
; Family name                                                                ; Cyclone IV GX      ; Cyclone IV GX      ;
; Use smart compilation                                                      ; Off                ; Off                ;
; Enable parallel Assembler and TimeQuest Timing Analyzer during compilation ; On                 ; On                 ;
; Enable compact report table                                                ; Off                ; Off                ;
; Restructure Multiplexers                                                   ; Auto               ; Auto               ;
; Create Debugging Nodes for IP Cores                                        ; Off                ; Off                ;
; Preserve fewer node names                                                  ; On                 ; On                 ;
; Disable OpenCore Plus hardware evaluation                                  ; Off                ; Off                ;
; Verilog Version                                                            ; Verilog_2001       ; Verilog_2001       ;
; VHDL Version                                                               ; VHDL_1993          ; VHDL_1993          ;
; State Machine Processing                                                   ; Auto               ; Auto               ;
; Safe State Machine                                                         ; Off                ; Off                ;
; Extract Verilog State Machines                                             ; On                 ; On                 ;
; Extract VHDL State Machines                                                ; On                 ; On                 ;
; Ignore Verilog initial constructs                                          ; Off                ; Off                ;
; Iteration limit for constant Verilog loops                                 ; 5000               ; 5000               ;
; Iteration limit for non-constant Verilog loops                             ; 250                ; 250                ;
; Add Pass-Through Logic to Inferred RAMs                                    ; On                 ; On                 ;
; Infer RAMs from Raw Logic                                                  ; On                 ; On                 ;
; Parallel Synthesis                                                         ; On                 ; On                 ;
; DSP Block Balancing                                                        ; Auto               ; Auto               ;
; NOT Gate Push-Back                                                         ; On                 ; On                 ;
; Power-Up Don't Care                                                        ; On                 ; On                 ;
; Remove Redundant Logic Cells                                               ; Off                ; Off                ;
; Remove Duplicate Registers                                                 ; On                 ; On                 ;
; Ignore CARRY Buffers                                                       ; Off                ; Off                ;
; Ignore CASCADE Buffers                                                     ; Off                ; Off                ;
; Ignore GLOBAL Buffers                                                      ; Off                ; Off                ;
; Ignore ROW GLOBAL Buffers                                                  ; Off                ; Off                ;
; Ignore LCELL Buffers                                                       ; Off                ; Off                ;
; Ignore SOFT Buffers                                                        ; On                 ; On                 ;
; Limit AHDL Integers to 32 Bits                                             ; Off                ; Off                ;
; Optimization Technique                                                     ; Balanced           ; Balanced           ;
; Carry Chain Length                                                         ; 70                 ; 70                 ;
; Auto Carry Chains                                                          ; On                 ; On                 ;
; Auto Open-Drain Pins                                                       ; On                 ; On                 ;
; Perform WYSIWYG Primitive Resynthesis                                      ; Off                ; Off                ;
; Auto ROM Replacement                                                       ; On                 ; On                 ;
; Auto RAM Replacement                                                       ; On                 ; On                 ;
; Auto DSP Block Replacement                                                 ; On                 ; On                 ;
; Auto Shift Register Replacement                                            ; Auto               ; Auto               ;
; Allow Shift Register Merging across Hierarchies                            ; Auto               ; Auto               ;
; Auto Clock Enable Replacement                                              ; On                 ; On                 ;
; Strict RAM Replacement                                                     ; Off                ; Off                ;
; Allow Synchronous Control Signals                                          ; On                 ; On                 ;
; Force Use of Synchronous Clear Signals                                     ; Off                ; Off                ;
; Auto RAM Block Balancing                                                   ; On                 ; On                 ;
; Auto RAM to Logic Cell Conversion                                          ; Off                ; Off                ;
; Auto Resource Sharing                                                      ; Off                ; Off                ;
; Allow Any RAM Size For Recognition                                         ; Off                ; Off                ;
; Allow Any ROM Size For Recognition                                         ; Off                ; Off                ;
; Allow Any Shift Register Size For Recognition                              ; Off                ; Off                ;
; Use LogicLock Constraints during Resource Balancing                        ; On                 ; On                 ;
; Ignore translate_off and synthesis_off directives                          ; Off                ; Off                ;
; Timing-Driven Synthesis                                                    ; On                 ; On                 ;
; Report Parameter Settings                                                  ; On                 ; On                 ;
; Report Source Assignments                                                  ; On                 ; On                 ;
; Report Connectivity Checks                                                 ; On                 ; On                 ;
; Ignore Maximum Fan-Out Assignments                                         ; Off                ; Off                ;
; Synchronization Register Chain Length                                      ; 2                  ; 2                  ;
; PowerPlay Power Optimization                                               ; Normal compilation ; Normal compilation ;
; HDL message level                                                          ; Level2             ; Level2             ;
; Suppress Register Optimization Related Messages                            ; Off                ; Off                ;
; Number of Removed Registers Reported in Synthesis Report                   ; 5000               ; 5000               ;
; Number of Swept Nodes Reported in Synthesis Report                         ; 5000               ; 5000               ;
; Number of Inverted Registers Reported in Synthesis Report                  ; 100                ; 100                ;
; Clock MUX Protection                                                       ; On                 ; On                 ;
; Auto Gated Clock Conversion                                                ; Off                ; Off                ;
; Block Design Naming                                                        ; Auto               ; Auto               ;
; SDC constraint protection                                                  ; Off                ; Off                ;
; Synthesis Effort                                                           ; Auto               ; Auto               ;
; Shift Register Replacement - Allow Asynchronous Clear Signal               ; On                 ; On                 ;
; Pre-Mapping Resynthesis Optimization                                       ; Off                ; Off                ;
; Analysis & Synthesis Message Level                                         ; Medium             ; Medium             ;
; Disable Register Merging Across Hierarchies                                ; Auto               ; Auto               ;
; Resource Aware Inference For Block RAM                                     ; On                 ; On                 ;
; Synthesis Seed                                                             ; 1                  ; 1                  ;
+----------------------------------------------------------------------------+--------------------+--------------------+


Parallel compilation was disabled, but you have multiple processors available. Enable parallel compilation to reduce compilation time.
+-------------------------------------+
; Parallel Compilation                ;
+----------------------------+--------+
; Processors                 ; Number ;
+----------------------------+--------+
; Number detected on machine ; 12     ;
; Maximum allowed            ; 1      ;
+----------------------------+--------+


+----------------------------------------------------------------------------------------------------------------------------------------------------------------------------+
; Analysis & Synthesis Source Files Read                                                                                                                                     ;
+----------------------------------+-----------------+------------------------------------------+------------------------------------------------------------------+---------+
; File Name with User-Entered Path ; Used in Netlist ; File Type                                ; File Name with Absolute Path                                     ; Library ;
+----------------------------------+-----------------+------------------------------------------+------------------------------------------------------------------+---------+
; NEANDER.bdf                      ; yes             ; User Block Diagram/Schematic File        ; C:/Users/joaop/UFRGS/Circuitos/TRFINAL/NEANDER/NEANDER.bdf       ;         ;
; uc_plus_timer.bdf                ; yes             ; Auto-Found Block Diagram/Schematic File  ; C:/Users/joaop/UFRGS/Circuitos/TRFINAL/NEANDER/uc_plus_timer.bdf ;         ;
; uc.bdf                           ; yes             ; Auto-Found Block Diagram/Schematic File  ; C:/Users/joaop/UFRGS/Circuitos/TRFINAL/NEANDER/uc.bdf            ;         ;
; incpc_logic.bdf                  ; yes             ; Auto-Found Block Diagram/Schematic File  ; C:/Users/joaop/UFRGS/Circuitos/TRFINAL/NEANDER/incpc_logic.bdf   ;         ;
; sel_logic.bdf                    ; yes             ; Auto-Found Block Diagram/Schematic File  ; C:/Users/joaop/UFRGS/Circuitos/TRFINAL/NEANDER/sel_logic.bdf     ;         ;
; ac_ch_logic.bdf                  ; yes             ; Auto-Found Block Diagram/Schematic File  ; C:/Users/joaop/UFRGS/Circuitos/TRFINAL/NEANDER/ac_ch_logic.bdf   ;         ;
; go_t0_logic.bdf                  ; yes             ; Auto-Found Block Diagram/Schematic File  ; C:/Users/joaop/UFRGS/Circuitos/TRFINAL/NEANDER/go_t0_logic.bdf   ;         ;
; rem_ch_logic.bdf                 ; yes             ; Auto-Found Block Diagram/Schematic File  ; C:/Users/joaop/UFRGS/Circuitos/TRFINAL/NEANDER/rem_ch_logic.bdf  ;         ;
; read_logic.bdf                   ; yes             ; Auto-Found Block Diagram/Schematic File  ; C:/Users/joaop/UFRGS/Circuitos/TRFINAL/NEANDER/read_logic.bdf    ;         ;
; timer.bdf                        ; yes             ; Auto-Found Block Diagram/Schematic File  ; C:/Users/joaop/UFRGS/Circuitos/TRFINAL/NEANDER/timer.bdf         ;         ;
; decoder3x8.bdf                   ; yes             ; Auto-Found Block Diagram/Schematic File  ; C:/Users/joaop/UFRGS/Circuitos/TRFINAL/NEANDER/decoder3x8.bdf    ;         ;
; multiplexador.bdf                ; yes             ; Auto-Found Block Diagram/Schematic File  ; C:/Users/joaop/UFRGS/Circuitos/TRFINAL/NEANDER/multiplexador.bdf ;         ;
; decod.bdf                        ; yes             ; Auto-Found Block Diagram/Schematic File  ; C:/Users/joaop/UFRGS/Circuitos/TRFINAL/NEANDER/decod.bdf         ;         ;
; decoder.bdf                      ; yes             ; Auto-Found Block Diagram/Schematic File  ; C:/Users/joaop/UFRGS/Circuitos/TRFINAL/NEANDER/decoder.bdf       ;         ;
+----------------------------------+-----------------+------------------------------------------+------------------------------------------------------------------+---------+


+-------------------------------------------------------------------+
; Analysis & Synthesis Resource Usage Summary                       ;
+--------------------------+----------------------------------------+
; Resource                 ; Usage                                  ;
+--------------------------+----------------------------------------+
; I/O pins                 ; 23                                     ;
; DSP block 9-bit elements ; 0                                      ;
; Maximum fan-out node     ; UC_PLUS_TIMER:inst1|TIMER:inst|inst999 ;
; Maximum fan-out          ; 21                                     ;
; Total fan-out            ; 230                                    ;
; Average fan-out          ; 2.35                                   ;
+--------------------------+----------------------------------------+


+---------------------------------------------------------------------------------------------------------------------------------------------------------------------------------------------------------------------------------------+
; Analysis & Synthesis Resource Utilization by Entity                                                                                                                                                                                   ;
+---------------------------------+-------------------+--------------+-------------+--------------+---------+-----------+-----------+------+--------------+--------------------------------------------------------------+--------------+
; Compilation Hierarchy Node      ; LC Combinationals ; LC Registers ; Memory Bits ; DSP Elements ; DSP 9x9 ; DSP 18x18 ; DSP 36x36 ; Pins ; Virtual Pins ; Full Hierarchy Name                                          ; Library Name ;
+---------------------------------+-------------------+--------------+-------------+--------------+---------+-----------+-----------+------+--------------+--------------------------------------------------------------+--------------+
; |NEANDER                        ; 49 (0)            ; 3 (0)        ; 0           ; 0            ; 0       ; 0         ; 0         ; 23   ; 0            ; |NEANDER                                                     ; work         ;
;    |DECOD:inst|                 ; 11 (0)            ; 0 (0)        ; 0           ; 0            ; 0       ; 0         ; 0         ; 0    ; 0            ; |NEANDER|DECOD:inst                                          ; work         ;
;       |Decoder:inst|            ; 11 (11)           ; 0 (0)        ; 0           ; 0            ; 0       ; 0         ; 0         ; 0    ; 0            ; |NEANDER|DECOD:inst|Decoder:inst                             ; work         ;
;    |UC_PLUS_TIMER:inst1|        ; 38 (0)            ; 3 (0)        ; 0           ; 0            ; 0       ; 0         ; 0         ; 0    ; 0            ; |NEANDER|UC_PLUS_TIMER:inst1                                 ; work         ;
;       |TIMER:inst|              ; 8 (0)             ; 3 (3)        ; 0           ; 0            ; 0       ; 0         ; 0         ; 0    ; 0            ; |NEANDER|UC_PLUS_TIMER:inst1|TIMER:inst                      ; work         ;
;          |Decoder3x8:inst4|     ; 4 (4)             ; 0 (0)        ; 0           ; 0            ; 0       ; 0         ; 0         ; 0    ; 0            ; |NEANDER|UC_PLUS_TIMER:inst1|TIMER:inst|Decoder3x8:inst4     ; work         ;
;          |Multiplexador:inst17| ; 1 (1)             ; 0 (0)        ; 0           ; 0            ; 0       ; 0         ; 0         ; 0    ; 0            ; |NEANDER|UC_PLUS_TIMER:inst1|TIMER:inst|Multiplexador:inst17 ; work         ;
;          |Multiplexador:inst36| ; 1 (1)             ; 0 (0)        ; 0           ; 0            ; 0       ; 0         ; 0         ; 0    ; 0            ; |NEANDER|UC_PLUS_TIMER:inst1|TIMER:inst|Multiplexador:inst36 ; work         ;
;          |Multiplexador:inst37| ; 2 (2)             ; 0 (0)        ; 0           ; 0            ; 0       ; 0         ; 0         ; 0    ; 0            ; |NEANDER|UC_PLUS_TIMER:inst1|TIMER:inst|Multiplexador:inst37 ; work         ;
;       |UC:inst1|                ; 30 (9)            ; 0 (0)        ; 0           ; 0            ; 0       ; 0         ; 0         ; 0    ; 0            ; |NEANDER|UC_PLUS_TIMER:inst1|UC:inst1                        ; work         ;
;          |AC_CH_LOGIC:inst24|   ; 2 (2)             ; 0 (0)        ; 0           ; 0            ; 0       ; 0         ; 0         ; 0    ; 0            ; |NEANDER|UC_PLUS_TIMER:inst1|UC:inst1|AC_CH_LOGIC:inst24     ; work         ;
;          |GO_t0_LOGIC:inst29|   ; 4 (4)             ; 0 (0)        ; 0           ; 0            ; 0       ; 0         ; 0         ; 0    ; 0            ; |NEANDER|UC_PLUS_TIMER:inst1|UC:inst1|GO_t0_LOGIC:inst29     ; work         ;
;          |READ_LOGIC:inst17|    ; 5 (5)             ; 0 (0)        ; 0           ; 0            ; 0       ; 0         ; 0         ; 0    ; 0            ; |NEANDER|UC_PLUS_TIMER:inst1|UC:inst1|READ_LOGIC:inst17      ; work         ;
;          |REM_CH_LOGIC:inst100| ; 5 (5)             ; 0 (0)        ; 0           ; 0            ; 0       ; 0         ; 0         ; 0    ; 0            ; |NEANDER|UC_PLUS_TIMER:inst1|UC:inst1|REM_CH_LOGIC:inst100   ; work         ;
;          |incPC_logic:inst14|   ; 4 (4)             ; 0 (0)        ; 0           ; 0            ; 0       ; 0         ; 0         ; 0    ; 0            ; |NEANDER|UC_PLUS_TIMER:inst1|UC:inst1|incPC_logic:inst14     ; work         ;
;          |sel_LOGIC:inst|       ; 1 (1)             ; 0 (0)        ; 0           ; 0            ; 0       ; 0         ; 0         ; 0    ; 0            ; |NEANDER|UC_PLUS_TIMER:inst1|UC:inst1|sel_LOGIC:inst         ; work         ;
+---------------------------------+-------------------+--------------+-------------+--------------+---------+-----------+-----------+------+--------------+--------------------------------------------------------------+--------------+
Note: For table entries with two numbers listed, the numbers in parentheses indicate the number of resources of the given type used by the specific entity alone. The numbers listed outside of parentheses indicate the total resources of the given type used by the specific entity and all of its sub-entities in the hierarchy.


+------------------------------------------------------+
; General Register Statistics                          ;
+----------------------------------------------+-------+
; Statistic                                    ; Value ;
+----------------------------------------------+-------+
; Total registers                              ; 3     ;
; Number of registers using Synchronous Clear  ; 0     ;
; Number of registers using Synchronous Load   ; 0     ;
; Number of registers using Asynchronous Clear ; 3     ;
; Number of registers using Asynchronous Load  ; 0     ;
; Number of registers using Clock Enable       ; 0     ;
; Number of registers using Preset             ; 0     ;
+----------------------------------------------+-------+


+-------------------------------+
; Elapsed Time Per Partition    ;
+----------------+--------------+
; Partition Name ; Elapsed Time ;
+----------------+--------------+
; Top            ; 00:00:00     ;
+----------------+--------------+


+-------------------------------+
; Analysis & Synthesis Messages ;
+-------------------------------+
Info: *******************************************************************
Info: Running Quartus II 64-Bit Analysis & Synthesis
    Info: Version 13.1.0 Build 162 10/23/2013 SJ Web Edition
    Info: Processing started: Tue Dec 02 15:13:19 2025
Info: Command: quartus_map --read_settings_files=on --write_settings_files=off NEANDER -c NEANDER
Warning (20028): Parallel compilation is not licensed and has been disabled
Info (12021): Found 1 design units, including 1 entities, in source file neander.bdf
    Info (12023): Found entity 1: NEANDER
Info (12127): Elaborating entity "NEANDER" for the top level hierarchy
Warning (12125): Using design file uc_plus_timer.bdf, which is not specified as a design file for the current project, but contains definitions for 1 design units and 1 entities in project
    Info (12023): Found entity 1: UC_PLUS_TIMER
Info (12128): Elaborating entity "UC_PLUS_TIMER" for hierarchy "UC_PLUS_TIMER:inst1"
Warning (12125): Using design file uc.bdf, which is not specified as a design file for the current project, but contains definitions for 1 design units and 1 entities in project
    Info (12023): Found entity 1: UC
Info (12128): Elaborating entity "UC" for hierarchy "UC_PLUS_TIMER:inst1|UC:inst1"
Warning (275089): Not all bits in bus "t[4..1]" are used
Warning (275080): Converted elements in bus name "t" using legacy naming rules. Make any assignments on the new names, not on the original names.
    Warning (275081): Converted element name(s) from "t[1]" to "t1"
    Warning (275081): Converted element name(s) from "t[3]" to "t3"
    Warning (275081): Converted element name(s) from "t[4]" to "t4"
Warning (275089): Not all bits in bus "t[6..1]" are used
Warning (275080): Converted elements in bus name "t" using legacy naming rules. Make any assignments on the new names, not on the original names.
    Warning (275081): Converted element name(s) from "t[1]" to "t1"
    Warning (275081): Converted element name(s) from "t[4]" to "t4"
    Warning (275081): Converted element name(s) from "t[6]" to "t6"
Warning (275089): Not all bits in bus "t[7..3]" are used
Warning (275080): Converted elements in bus name "t" using legacy naming rules. Make any assignments on the new names, not on the original names.
    Warning (275081): Converted element name(s) from "t[3]" to "t3"
    Warning (275081): Converted element name(s) from "t[7]" to "t7"
Warning (275089): Not all bits in bus "t[7..3]" are used
Warning (275080): Converted elements in bus name "t" using legacy naming rules. Make any assignments on the new names, not on the original names.
    Warning (275081): Converted element name(s) from "t[3]" to "t3"
    Warning (275081): Converted element name(s) from "t[5]" to "t5"
    Warning (275081): Converted element name(s) from "t[7]" to "t7"
Warning (275089): Not all bits in bus "t[5..0]" are used
Warning (275080): Converted elements in bus name "t" using legacy naming rules. Make any assignments on the new names, not on the original names.
    Warning (275081): Converted element name(s) from "t[0]" to "t0"
    Warning (275081): Converted element name(s) from "t[3]" to "t3"
    Warning (275081): Converted element name(s) from "t[5]" to "t5"
Warning (12125): Using design file incpc_logic.bdf, which is not specified as a design file for the current project, but contains definitions for 1 design units and 1 entities in project
    Info (12023): Found entity 1: incPC_logic
Info (12128): Elaborating entity "incPC_logic" for hierarchy "UC_PLUS_TIMER:inst1|UC:inst1|incPC_logic:inst14"
Warning (275089): Not all bits in bus "t[4..1]" are used
Warning (275080): Converted elements in bus name "t" using legacy naming rules. Make any assignments on the new names, not on the original names.
    Warning (275081): Converted element name(s) from "t[1]" to "t1"
    Warning (275081): Converted element name(s) from "t[4]" to "t4"
    Warning (275081): Converted element name(s) from "t[3]" to "t3"
Warning (12125): Using design file sel_logic.bdf, which is not specified as a design file for the current project, but contains definitions for 1 design units and 1 entities in project
    Info (12023): Found entity 1: sel_LOGIC
Info (12128): Elaborating entity "sel_LOGIC" for hierarchy "UC_PLUS_TIMER:inst1|UC:inst1|sel_LOGIC:inst"
Warning (12125): Using design file ac_ch_logic.bdf, which is not specified as a design file for the current project, but contains definitions for 1 design units and 1 entities in project
    Info (12023): Found entity 1: AC_CH_LOGIC
Info (12128): Elaborating entity "AC_CH_LOGIC" for hierarchy "UC_PLUS_TIMER:inst1|UC:inst1|AC_CH_LOGIC:inst24"
Warning (275089): Not all bits in bus "t[7..3]" are used
Warning (275080): Converted elements in bus name "t" using legacy naming rules. Make any assignments on the new names, not on the original names.
    Warning (275081): Converted element name(s) from "t[7]" to "t7"
    Warning (275081): Converted element name(s) from "t[3]" to "t3"
Warning (12125): Using design file go_t0_logic.bdf, which is not specified as a design file for the current project, but contains definitions for 1 design units and 1 entities in project
    Info (12023): Found entity 1: GO_t0_LOGIC
Info (12128): Elaborating entity "GO_t0_LOGIC" for hierarchy "UC_PLUS_TIMER:inst1|UC:inst1|GO_t0_LOGIC:inst29"
Warning (275089): Not all bits in bus "t[7..3]" are used
Warning (275080): Converted elements in bus name "t" using legacy naming rules. Make any assignments on the new names, not on the original names.
    Warning (275081): Converted element name(s) from "t[3]" to "t3"
    Warning (275081): Converted element name(s) from "t[5]" to "t5"
    Warning (275081): Converted element name(s) from "t[7]" to "t7"
Warning (275009): Pin "HLT" not connected
Warning (12125): Using design file rem_ch_logic.bdf, which is not specified as a design file for the current project, but contains definitions for 1 design units and 1 entities in project
    Info (12023): Found entity 1: REM_CH_LOGIC
Info (12128): Elaborating entity "REM_CH_LOGIC" for hierarchy "UC_PLUS_TIMER:inst1|UC:inst1|REM_CH_LOGIC:inst100"
Warning (275089): Not all bits in bus "t[5..0]" are used
Warning (275080): Converted elements in bus name "t" using legacy naming rules. Make any assignments on the new names, not on the original names.
    Warning (275081): Converted element name(s) from "t[0]" to "t0"
    Warning (275081): Converted element name(s) from "t[3]" to "t3"
    Warning (275081): Converted element name(s) from "t[5]" to "t5"
Warning (12125): Using design file read_logic.bdf, which is not specified as a design file for the current project, but contains definitions for 1 design units and 1 entities in project
    Info (12023): Found entity 1: READ_LOGIC
Info (12128): Elaborating entity "READ_LOGIC" for hierarchy "UC_PLUS_TIMER:inst1|UC:inst1|READ_LOGIC:inst17"
Warning (275089): Not all bits in bus "t[6..1]" are used
Warning (275080): Converted elements in bus name "t" using legacy naming rules. Make any assignments on the new names, not on the original names.
    Warning (275081): Converted element name(s) from "t[1]" to "t1"
    Warning (275081): Converted element name(s) from "t[4]" to "t4"
    Warning (275081): Converted element name(s) from "t[6]" to "t6"
Warning (12125): Using design file timer.bdf, which is not specified as a design file for the current project, but contains definitions for 1 design units and 1 entities in project
    Info (12023): Found entity 1: TIMER
Info (12128): Elaborating entity "TIMER" for hierarchy "UC_PLUS_TIMER:inst1|TIMER:inst"
Warning (12125): Using design file decoder3x8.bdf, which is not specified as a design file for the current project, but contains definitions for 1 design units and 1 entities in project
    Info (12023): Found entity 1: Decoder3x8
Info (12128): Elaborating entity "Decoder3x8" for hierarchy "UC_PLUS_TIMER:inst1|TIMER:inst|Decoder3x8:inst4"
Warning (12125): Using design file multiplexador.bdf, which is not specified as a design file for the current project, but contains definitions for 1 design units and 1 entities in project
    Info (12023): Found entity 1: Multiplexador
Info (12128): Elaborating entity "Multiplexador" for hierarchy "UC_PLUS_TIMER:inst1|TIMER:inst|Multiplexador:inst17"
Warning (12125): Using design file decod.bdf, which is not specified as a design file for the current project, but contains definitions for 1 design units and 1 entities in project
    Info (12023): Found entity 1: DECOD
Info (12128): Elaborating entity "DECOD" for hierarchy "DECOD:inst"
Warning (275008): Primitive "GND" of instance "inst8" not used
Warning (12125): Using design file decoder.bdf, which is not specified as a design file for the current project, but contains definitions for 1 design units and 1 entities in project
    Info (12023): Found entity 1: Decoder
Info (12128): Elaborating entity "Decoder" for hierarchy "DECOD:inst|Decoder:inst"
Warning (275011): Block or symbol "AND4" of instance "inst21" overlaps another block or symbol
Info (286030): Timing-Driven Synthesis is running
Info (16010): Generating hard_block partition "hard_block:auto_generated_inst"
    Info (16011): Adding 0 node(s), including 0 DDIO, 0 PLL, 0 transceiver and 0 LCELL
Info (21057): Implemented 72 device resources after synthesis - the final resource count might be different
    Info (21058): Implemented 8 input pins
    Info (21059): Implemented 15 output pins
    Info (21061): Implemented 49 logic cells
Info: Quartus II 64-Bit Analysis & Synthesis was successful. 0 errors, 65 warnings
    Info: Peak virtual memory: 4675 megabytes
    Info: Processing ended: Tue Dec 02 15:13:21 2025
    Info: Elapsed time: 00:00:02
    Info: Total CPU time (on all processors): 00:00:02


